Failure # 1 (occurred at 2022-03-29_18-30-14)
Traceback (most recent call last):
  File "/root/anaconda3/envs/flow/lib/python3.7/site-packages/ray/tune/trial_runner.py", line 893, in _process_trial
    results = self.trial_executor.fetch_result(trial)
  File "/root/anaconda3/envs/flow/lib/python3.7/site-packages/ray/tune/ray_trial_executor.py", line 707, in fetch_result
    result = ray.get(trial_future[0], timeout=DEFAULT_GET_TIMEOUT)
  File "/root/anaconda3/envs/flow/lib/python3.7/site-packages/ray/_private/client_mode_hook.py", line 105, in wrapper
    return func(*args, **kwargs)
  File "/root/anaconda3/envs/flow/lib/python3.7/site-packages/ray/worker.py", line 1733, in get
    raise value.as_instanceof_cause()
ray.exceptions.RayTaskError(ValueError): [36mray::PPOTrainer.train()[39m (pid=322, ip=172.17.0.4, repr=PPOTrainer)
  File "/root/anaconda3/envs/flow/lib/python3.7/site-packages/ray/tune/trainable.py", line 315, in train
    result = self.step()
  File "/root/anaconda3/envs/flow/lib/python3.7/site-packages/ray/rllib/agents/trainer.py", line 977, in step
    raise e
  File "/root/anaconda3/envs/flow/lib/python3.7/site-packages/ray/rllib/agents/trainer.py", line 963, in step
    step_attempt_results = self.step_attempt()
  File "/root/anaconda3/envs/flow/lib/python3.7/site-packages/ray/rllib/agents/trainer.py", line 1042, in step_attempt
    step_results = self._exec_plan_or_training_iteration_fn()
  File "/root/anaconda3/envs/flow/lib/python3.7/site-packages/ray/rllib/agents/trainer.py", line 1962, in _exec_plan_or_training_iteration_fn
    results = next(self.train_exec_impl)
  File "/root/anaconda3/envs/flow/lib/python3.7/site-packages/ray/util/iter.py", line 756, in __next__
    return next(self.built_iterator)
  File "/root/anaconda3/envs/flow/lib/python3.7/site-packages/ray/util/iter.py", line 783, in apply_foreach
    for item in it:
  File "/root/anaconda3/envs/flow/lib/python3.7/site-packages/ray/util/iter.py", line 783, in apply_foreach
    for item in it:
  File "/root/anaconda3/envs/flow/lib/python3.7/site-packages/ray/util/iter.py", line 843, in apply_filter
    for item in it:
  File "/root/anaconda3/envs/flow/lib/python3.7/site-packages/ray/util/iter.py", line 843, in apply_filter
    for item in it:
  File "/root/anaconda3/envs/flow/lib/python3.7/site-packages/ray/util/iter.py", line 783, in apply_foreach
    for item in it:
  File "/root/anaconda3/envs/flow/lib/python3.7/site-packages/ray/util/iter.py", line 783, in apply_foreach
    for item in it:
  File "/root/anaconda3/envs/flow/lib/python3.7/site-packages/ray/util/iter.py", line 783, in apply_foreach
    for item in it:
  [Previous line repeated 1 more time]
  File "/root/anaconda3/envs/flow/lib/python3.7/site-packages/ray/util/iter.py", line 876, in apply_flatten
    for item in it:
  File "/root/anaconda3/envs/flow/lib/python3.7/site-packages/ray/util/iter.py", line 783, in apply_foreach
    for item in it:
  File "/root/anaconda3/envs/flow/lib/python3.7/site-packages/ray/util/iter.py", line 783, in apply_foreach
    for item in it:
  File "/root/anaconda3/envs/flow/lib/python3.7/site-packages/ray/util/iter.py", line 783, in apply_foreach
    for item in it:
  [Previous line repeated 1 more time]
  File "/root/anaconda3/envs/flow/lib/python3.7/site-packages/ray/util/iter.py", line 471, in base_iterator
    yield ray.get(futures, timeout=timeout)
ray.exceptions.RayTaskError(ValueError): [36mray::RolloutWorker.par_iter_next()[39m (pid=319, ip=172.17.0.4, repr=<ray.rllib.evaluation.rollout_worker.RolloutWorker object at 0x7f1262325e10>)
  File "/root/anaconda3/envs/flow/lib/python3.7/site-packages/ray/util/iter.py", line 1151, in par_iter_next
    return next(self.local_it)
  File "/root/anaconda3/envs/flow/lib/python3.7/site-packages/ray/rllib/evaluation/rollout_worker.py", line 382, in gen_rollouts
    yield self.sample()
  File "/root/anaconda3/envs/flow/lib/python3.7/site-packages/ray/rllib/evaluation/rollout_worker.py", line 761, in sample
    batches = [self.input_reader.next()]
  File "/root/anaconda3/envs/flow/lib/python3.7/site-packages/ray/rllib/evaluation/sampler.py", line 104, in next
    batches = [self.get_data()]
  File "/root/anaconda3/envs/flow/lib/python3.7/site-packages/ray/rllib/evaluation/sampler.py", line 266, in get_data
    item = next(self._env_runner)
  File "/root/anaconda3/envs/flow/lib/python3.7/site-packages/ray/rllib/evaluation/sampler.py", line 648, in _env_runner
    sample_collector=sample_collector,
  File "/root/anaconda3/envs/flow/lib/python3.7/site-packages/ray/rllib/evaluation/sampler.py", line 852, in _process_observations
    prep_obs = preprocessor.transform(raw_obs)
  File "/root/anaconda3/envs/flow/lib/python3.7/site-packages/ray/rllib/models/preprocessors.py", line 195, in transform
    self.check_shape(observation)
  File "/root/anaconda3/envs/flow/lib/python3.7/site-packages/ray/rllib/models/preprocessors.py", line 76, in check_shape
    gym.spaces.Box) else None, self._obs_space)
ValueError: ('Observation ({} dtype={}) outside given space ({})!', array([-1.0737418e+09, -1.0010000e+03,  0.0000000e+00,  0.0000000e+00,
        0.0000000e+00,  0.0000000e+00,  2.6135528e+00,  0.0000000e+00,
        1.6802380e+01,  0.0000000e+00,  0.0000000e+00,  4.5973785e+02,
        0.0000000e+00,  0.0000000e+00,  2.0326296e+01,  0.0000000e+00,
        0.0000000e+00,  4.2407507e+02,  0.0000000e+00,  2.1311497e+01,
        1.9732198e-04,  5.1192757e+01,  3.8206369e+02,  4.3627579e+01,
        0.0000000e+00,  0.0000000e+00,  9.6539879e-01,  0.0000000e+00,
        0.0000000e+00,  3.5511616e+01,  5.2361522e+00,  2.7977784e+00,
        3.6014454e+00,  9.6935987e-02,  2.5920752e+01, -1.5953839e+01,
        5.5116689e-01,  0.0000000e+00,  1.3906208e-14, -3.1280670e+01,
        0.0000000e+00, -3.9866837e+01,  0.0000000e+00,  0.0000000e+00,
        1.6502756e-01,  0.0000000e+00,  0.0000000e+00, -4.7453224e+01,
        0.0000000e+00,  0.0000000e+00,  4.2036018e+00,  0.0000000e+00,
        0.0000000e+00, -6.0129368e+01,  0.0000000e+00,  0.0000000e+00,
        7.9885869e+00,  0.0000000e+00,  0.0000000e+00, -7.7243401e+01,
        0.0000000e+00,  0.0000000e+00, -1.0010000e+03,  0.0000000e+00,
        0.0000000e+00,  0.0000000e+00,  0.0000000e+00,  0.0000000e+00,
        0.0000000e+00,  0.0000000e+00,  0.0000000e+00,  0.0000000e+00,
        0.0000000e+00,  0.0000000e+00,  0.0000000e+00,  0.0000000e+00,
        0.0000000e+00,  0.0000000e+00,  0.0000000e+00,  0.0000000e+00,
        0.0000000e+00,  0.0000000e+00,  0.0000000e+00,  0.0000000e+00,
        0.0000000e+00,  0.0000000e+00,  0.0000000e+00,  0.0000000e+00,
        0.0000000e+00,  0.0000000e+00,  0.0000000e+00,  0.0000000e+00,
        0.0000000e+00,  0.0000000e+00,  0.0000000e+00,  0.0000000e+00,
        0.0000000e+00,  0.0000000e+00,  0.0000000e+00,  0.0000000e+00,
        0.0000000e+00,  0.0000000e+00,  0.0000000e+00,  0.0000000e+00,
        0.0000000e+00], dtype=float32), dtype('float32'), Box(105,))

Failure # 2 (occurred at 2022-03-30_23-52-57)
Traceback (most recent call last):
  File "/root/anaconda3/envs/flow/lib/python3.7/site-packages/ray/tune/trial_runner.py", line 893, in _process_trial
    results = self.trial_executor.fetch_result(trial)
  File "/root/anaconda3/envs/flow/lib/python3.7/site-packages/ray/tune/ray_trial_executor.py", line 707, in fetch_result
    result = ray.get(trial_future[0], timeout=DEFAULT_GET_TIMEOUT)
  File "/root/anaconda3/envs/flow/lib/python3.7/site-packages/ray/_private/client_mode_hook.py", line 105, in wrapper
    return func(*args, **kwargs)
  File "/root/anaconda3/envs/flow/lib/python3.7/site-packages/ray/worker.py", line 1733, in get
    raise value.as_instanceof_cause()
ray.exceptions.RayTaskError(ValueError): [36mray::PPOTrainer.train()[39m (pid=5421, ip=172.17.0.4, repr=PPOTrainer)
  File "/root/anaconda3/envs/flow/lib/python3.7/site-packages/ray/tune/trainable.py", line 315, in train
    result = self.step()
  File "/root/anaconda3/envs/flow/lib/python3.7/site-packages/ray/rllib/agents/trainer.py", line 977, in step
    raise e
  File "/root/anaconda3/envs/flow/lib/python3.7/site-packages/ray/rllib/agents/trainer.py", line 963, in step
    step_attempt_results = self.step_attempt()
  File "/root/anaconda3/envs/flow/lib/python3.7/site-packages/ray/rllib/agents/trainer.py", line 1042, in step_attempt
    step_results = self._exec_plan_or_training_iteration_fn()
  File "/root/anaconda3/envs/flow/lib/python3.7/site-packages/ray/rllib/agents/trainer.py", line 1962, in _exec_plan_or_training_iteration_fn
    results = next(self.train_exec_impl)
  File "/root/anaconda3/envs/flow/lib/python3.7/site-packages/ray/util/iter.py", line 756, in __next__
    return next(self.built_iterator)
  File "/root/anaconda3/envs/flow/lib/python3.7/site-packages/ray/util/iter.py", line 783, in apply_foreach
    for item in it:
  File "/root/anaconda3/envs/flow/lib/python3.7/site-packages/ray/util/iter.py", line 783, in apply_foreach
    for item in it:
  File "/root/anaconda3/envs/flow/lib/python3.7/site-packages/ray/util/iter.py", line 843, in apply_filter
    for item in it:
  File "/root/anaconda3/envs/flow/lib/python3.7/site-packages/ray/util/iter.py", line 843, in apply_filter
    for item in it:
  File "/root/anaconda3/envs/flow/lib/python3.7/site-packages/ray/util/iter.py", line 783, in apply_foreach
    for item in it:
  File "/root/anaconda3/envs/flow/lib/python3.7/site-packages/ray/util/iter.py", line 783, in apply_foreach
    for item in it:
  File "/root/anaconda3/envs/flow/lib/python3.7/site-packages/ray/util/iter.py", line 783, in apply_foreach
    for item in it:
  [Previous line repeated 1 more time]
  File "/root/anaconda3/envs/flow/lib/python3.7/site-packages/ray/util/iter.py", line 876, in apply_flatten
    for item in it:
  File "/root/anaconda3/envs/flow/lib/python3.7/site-packages/ray/util/iter.py", line 783, in apply_foreach
    for item in it:
  File "/root/anaconda3/envs/flow/lib/python3.7/site-packages/ray/util/iter.py", line 783, in apply_foreach
    for item in it:
  File "/root/anaconda3/envs/flow/lib/python3.7/site-packages/ray/util/iter.py", line 783, in apply_foreach
    for item in it:
  [Previous line repeated 1 more time]
  File "/root/anaconda3/envs/flow/lib/python3.7/site-packages/ray/util/iter.py", line 471, in base_iterator
    yield ray.get(futures, timeout=timeout)
ray.exceptions.RayTaskError(ValueError): [36mray::RolloutWorker.par_iter_next()[39m (pid=5451, ip=172.17.0.4, repr=<ray.rllib.evaluation.rollout_worker.RolloutWorker object at 0x7f17dd5d4d68>)
  File "/root/anaconda3/envs/flow/lib/python3.7/site-packages/ray/util/iter.py", line 1151, in par_iter_next
    return next(self.local_it)
  File "/root/anaconda3/envs/flow/lib/python3.7/site-packages/ray/rllib/evaluation/rollout_worker.py", line 382, in gen_rollouts
    yield self.sample()
  File "/root/anaconda3/envs/flow/lib/python3.7/site-packages/ray/rllib/evaluation/rollout_worker.py", line 761, in sample
    batches = [self.input_reader.next()]
  File "/root/anaconda3/envs/flow/lib/python3.7/site-packages/ray/rllib/evaluation/sampler.py", line 104, in next
    batches = [self.get_data()]
  File "/root/anaconda3/envs/flow/lib/python3.7/site-packages/ray/rllib/evaluation/sampler.py", line 266, in get_data
    item = next(self._env_runner)
  File "/root/anaconda3/envs/flow/lib/python3.7/site-packages/ray/rllib/evaluation/sampler.py", line 648, in _env_runner
    sample_collector=sample_collector,
  File "/root/anaconda3/envs/flow/lib/python3.7/site-packages/ray/rllib/evaluation/sampler.py", line 852, in _process_observations
    prep_obs = preprocessor.transform(raw_obs)
  File "/root/anaconda3/envs/flow/lib/python3.7/site-packages/ray/rllib/models/preprocessors.py", line 195, in transform
    self.check_shape(observation)
  File "/root/anaconda3/envs/flow/lib/python3.7/site-packages/ray/rllib/models/preprocessors.py", line 76, in check_shape
    gym.spaces.Box) else None, self._obs_space)
ValueError: ('Observation ({} dtype={}) outside given space ({})!', array([-1.0737418e+09, -1.0010000e+03,  0.0000000e+00,  0.0000000e+00,
        0.0000000e+00,  0.0000000e+00,  2.7129126e+01,  0.0000000e+00,
        2.5670969e+01,  3.0789069e+02,  0.0000000e+00,  1.7521602e+02,
        0.0000000e+00,  0.0000000e+00,  1.3550673e+01,  0.0000000e+00,
        0.0000000e+00,  1.4118571e+01,  0.0000000e+00,  0.0000000e+00,
        1.2282828e+00,  0.0000000e+00,  0.0000000e+00, -5.7812180e+01,
        0.0000000e+00,  0.0000000e+00,  9.8538464e-01,  0.0000000e+00,
        0.0000000e+00, -6.6465752e+01,  4.2165346e+00,  0.0000000e+00,
       -1.0010000e+03, -7.8143707e+01,  0.0000000e+00,  0.0000000e+00,
        0.0000000e+00,  0.0000000e+00,  0.0000000e+00,  0.0000000e+00,
        0.0000000e+00,  0.0000000e+00,  0.0000000e+00,  0.0000000e+00,
        0.0000000e+00,  0.0000000e+00,  0.0000000e+00,  0.0000000e+00,
        0.0000000e+00,  0.0000000e+00,  0.0000000e+00,  0.0000000e+00,
        0.0000000e+00,  0.0000000e+00,  0.0000000e+00,  0.0000000e+00,
        0.0000000e+00,  0.0000000e+00,  0.0000000e+00,  0.0000000e+00,
        0.0000000e+00,  0.0000000e+00,  0.0000000e+00,  0.0000000e+00,
        0.0000000e+00,  0.0000000e+00,  0.0000000e+00,  0.0000000e+00,
        0.0000000e+00,  0.0000000e+00,  0.0000000e+00,  0.0000000e+00,
        0.0000000e+00,  0.0000000e+00,  0.0000000e+00,  0.0000000e+00,
        0.0000000e+00,  0.0000000e+00,  0.0000000e+00,  0.0000000e+00,
        0.0000000e+00,  0.0000000e+00,  0.0000000e+00,  0.0000000e+00,
        0.0000000e+00,  0.0000000e+00,  0.0000000e+00,  0.0000000e+00,
        0.0000000e+00,  0.0000000e+00,  0.0000000e+00,  0.0000000e+00,
        0.0000000e+00,  0.0000000e+00,  0.0000000e+00,  0.0000000e+00,
        0.0000000e+00,  0.0000000e+00,  0.0000000e+00,  0.0000000e+00,
        0.0000000e+00,  0.0000000e+00,  0.0000000e+00,  0.0000000e+00,
        0.0000000e+00], dtype=float32), dtype('float32'), Box(105,))

Failure # 3 (occurred at 2022-03-31_05-34-09)
Traceback (most recent call last):
  File "/root/anaconda3/envs/flow/lib/python3.7/site-packages/ray/tune/trial_runner.py", line 893, in _process_trial
    results = self.trial_executor.fetch_result(trial)
  File "/root/anaconda3/envs/flow/lib/python3.7/site-packages/ray/tune/ray_trial_executor.py", line 707, in fetch_result
    result = ray.get(trial_future[0], timeout=DEFAULT_GET_TIMEOUT)
  File "/root/anaconda3/envs/flow/lib/python3.7/site-packages/ray/_private/client_mode_hook.py", line 105, in wrapper
    return func(*args, **kwargs)
  File "/root/anaconda3/envs/flow/lib/python3.7/site-packages/ray/worker.py", line 1733, in get
    raise value.as_instanceof_cause()
ray.exceptions.RayTaskError(ValueError): [36mray::PPOTrainer.train()[39m (pid=44241, ip=172.17.0.4, repr=PPOTrainer)
  File "/root/anaconda3/envs/flow/lib/python3.7/site-packages/ray/tune/trainable.py", line 315, in train
    result = self.step()
  File "/root/anaconda3/envs/flow/lib/python3.7/site-packages/ray/rllib/agents/trainer.py", line 977, in step
    raise e
  File "/root/anaconda3/envs/flow/lib/python3.7/site-packages/ray/rllib/agents/trainer.py", line 963, in step
    step_attempt_results = self.step_attempt()
  File "/root/anaconda3/envs/flow/lib/python3.7/site-packages/ray/rllib/agents/trainer.py", line 1042, in step_attempt
    step_results = self._exec_plan_or_training_iteration_fn()
  File "/root/anaconda3/envs/flow/lib/python3.7/site-packages/ray/rllib/agents/trainer.py", line 1962, in _exec_plan_or_training_iteration_fn
    results = next(self.train_exec_impl)
  File "/root/anaconda3/envs/flow/lib/python3.7/site-packages/ray/util/iter.py", line 756, in __next__
    return next(self.built_iterator)
  File "/root/anaconda3/envs/flow/lib/python3.7/site-packages/ray/util/iter.py", line 783, in apply_foreach
    for item in it:
  File "/root/anaconda3/envs/flow/lib/python3.7/site-packages/ray/util/iter.py", line 783, in apply_foreach
    for item in it:
  File "/root/anaconda3/envs/flow/lib/python3.7/site-packages/ray/util/iter.py", line 843, in apply_filter
    for item in it:
  File "/root/anaconda3/envs/flow/lib/python3.7/site-packages/ray/util/iter.py", line 843, in apply_filter
    for item in it:
  File "/root/anaconda3/envs/flow/lib/python3.7/site-packages/ray/util/iter.py", line 783, in apply_foreach
    for item in it:
  File "/root/anaconda3/envs/flow/lib/python3.7/site-packages/ray/util/iter.py", line 783, in apply_foreach
    for item in it:
  File "/root/anaconda3/envs/flow/lib/python3.7/site-packages/ray/util/iter.py", line 783, in apply_foreach
    for item in it:
  [Previous line repeated 1 more time]
  File "/root/anaconda3/envs/flow/lib/python3.7/site-packages/ray/util/iter.py", line 876, in apply_flatten
    for item in it:
  File "/root/anaconda3/envs/flow/lib/python3.7/site-packages/ray/util/iter.py", line 783, in apply_foreach
    for item in it:
  File "/root/anaconda3/envs/flow/lib/python3.7/site-packages/ray/util/iter.py", line 783, in apply_foreach
    for item in it:
  File "/root/anaconda3/envs/flow/lib/python3.7/site-packages/ray/util/iter.py", line 783, in apply_foreach
    for item in it:
  [Previous line repeated 1 more time]
  File "/root/anaconda3/envs/flow/lib/python3.7/site-packages/ray/util/iter.py", line 471, in base_iterator
    yield ray.get(futures, timeout=timeout)
ray.exceptions.RayTaskError(ValueError): [36mray::RolloutWorker.par_iter_next()[39m (pid=44310, ip=172.17.0.4, repr=<ray.rllib.evaluation.rollout_worker.RolloutWorker object at 0x7f124440dbe0>)
  File "/root/anaconda3/envs/flow/lib/python3.7/site-packages/ray/util/iter.py", line 1151, in par_iter_next
    return next(self.local_it)
  File "/root/anaconda3/envs/flow/lib/python3.7/site-packages/ray/rllib/evaluation/rollout_worker.py", line 382, in gen_rollouts
    yield self.sample()
  File "/root/anaconda3/envs/flow/lib/python3.7/site-packages/ray/rllib/evaluation/rollout_worker.py", line 761, in sample
    batches = [self.input_reader.next()]
  File "/root/anaconda3/envs/flow/lib/python3.7/site-packages/ray/rllib/evaluation/sampler.py", line 104, in next
    batches = [self.get_data()]
  File "/root/anaconda3/envs/flow/lib/python3.7/site-packages/ray/rllib/evaluation/sampler.py", line 266, in get_data
    item = next(self._env_runner)
  File "/root/anaconda3/envs/flow/lib/python3.7/site-packages/ray/rllib/evaluation/sampler.py", line 648, in _env_runner
    sample_collector=sample_collector,
  File "/root/anaconda3/envs/flow/lib/python3.7/site-packages/ray/rllib/evaluation/sampler.py", line 852, in _process_observations
    prep_obs = preprocessor.transform(raw_obs)
  File "/root/anaconda3/envs/flow/lib/python3.7/site-packages/ray/rllib/models/preprocessors.py", line 195, in transform
    self.check_shape(observation)
  File "/root/anaconda3/envs/flow/lib/python3.7/site-packages/ray/rllib/models/preprocessors.py", line 76, in check_shape
    gym.spaces.Box) else None, self._obs_space)
ValueError: ('Observation ({} dtype={}) outside given space ({})!', array([-1.0737418e+09, -1.0010000e+03,  0.0000000e+00,  0.0000000e+00,
        0.0000000e+00,  0.0000000e+00,  4.3684406e+00,  5.2591419e+00,
        5.2358894e+00,  4.7017441e+02,  4.8273346e+02,  4.5691418e+02,
        2.2559099e+01,  0.0000000e+00,  1.4668587e+01,  1.3451628e+02,
        0.0000000e+00,  6.8394646e+01,  1.6201820e+01,  0.0000000e+00,
        1.2706517e+01,  2.0258163e+01,  0.0000000e+00, -1.0561620e+01,
        1.0985236e+01,  1.0893742e+01,  9.9135351e+00, -7.3463005e+01,
       -5.3701374e+01, -8.9943230e+01,  0.0000000e+00,  0.0000000e+00,
       -1.0010000e+03,  0.0000000e+00,  0.0000000e+00,  0.0000000e+00,
        0.0000000e+00,  0.0000000e+00,  0.0000000e+00,  0.0000000e+00,
        0.0000000e+00,  0.0000000e+00,  0.0000000e+00,  0.0000000e+00,
        0.0000000e+00,  0.0000000e+00,  0.0000000e+00,  0.0000000e+00,
        0.0000000e+00,  0.0000000e+00,  0.0000000e+00,  0.0000000e+00,
        0.0000000e+00,  0.0000000e+00,  0.0000000e+00,  0.0000000e+00,
        0.0000000e+00,  0.0000000e+00,  0.0000000e+00,  0.0000000e+00,
        0.0000000e+00,  0.0000000e+00,  0.0000000e+00,  0.0000000e+00,
        0.0000000e+00,  0.0000000e+00,  0.0000000e+00,  0.0000000e+00,
        0.0000000e+00,  0.0000000e+00,  0.0000000e+00,  0.0000000e+00,
        0.0000000e+00,  0.0000000e+00,  0.0000000e+00,  0.0000000e+00,
        0.0000000e+00,  0.0000000e+00,  0.0000000e+00,  0.0000000e+00,
        0.0000000e+00,  0.0000000e+00,  0.0000000e+00,  0.0000000e+00,
        0.0000000e+00,  0.0000000e+00,  0.0000000e+00,  0.0000000e+00,
        0.0000000e+00,  0.0000000e+00,  0.0000000e+00,  0.0000000e+00,
        0.0000000e+00,  0.0000000e+00,  0.0000000e+00,  0.0000000e+00,
        0.0000000e+00,  0.0000000e+00,  0.0000000e+00,  0.0000000e+00,
        0.0000000e+00,  0.0000000e+00,  0.0000000e+00,  0.0000000e+00,
        0.0000000e+00], dtype=float32), dtype('float32'), Box(105,))

Failure # 4 (occurred at 2022-04-01_01-05-20)
Traceback (most recent call last):
  File "/root/anaconda3/envs/flow/lib/python3.7/site-packages/ray/tune/trial_runner.py", line 893, in _process_trial
    results = self.trial_executor.fetch_result(trial)
  File "/root/anaconda3/envs/flow/lib/python3.7/site-packages/ray/tune/ray_trial_executor.py", line 707, in fetch_result
    result = ray.get(trial_future[0], timeout=DEFAULT_GET_TIMEOUT)
  File "/root/anaconda3/envs/flow/lib/python3.7/site-packages/ray/_private/client_mode_hook.py", line 105, in wrapper
    return func(*args, **kwargs)
  File "/root/anaconda3/envs/flow/lib/python3.7/site-packages/ray/worker.py", line 1733, in get
    raise value.as_instanceof_cause()
ray.exceptions.RayTaskError(ValueError): [36mray::PPOTrainer.train()[39m (pid=15495, ip=172.17.0.4, repr=PPOTrainer)
  File "/root/anaconda3/envs/flow/lib/python3.7/site-packages/ray/tune/trainable.py", line 315, in train
    result = self.step()
  File "/root/anaconda3/envs/flow/lib/python3.7/site-packages/ray/rllib/agents/trainer.py", line 977, in step
    raise e
  File "/root/anaconda3/envs/flow/lib/python3.7/site-packages/ray/rllib/agents/trainer.py", line 963, in step
    step_attempt_results = self.step_attempt()
  File "/root/anaconda3/envs/flow/lib/python3.7/site-packages/ray/rllib/agents/trainer.py", line 1042, in step_attempt
    step_results = self._exec_plan_or_training_iteration_fn()
  File "/root/anaconda3/envs/flow/lib/python3.7/site-packages/ray/rllib/agents/trainer.py", line 1962, in _exec_plan_or_training_iteration_fn
    results = next(self.train_exec_impl)
  File "/root/anaconda3/envs/flow/lib/python3.7/site-packages/ray/util/iter.py", line 756, in __next__
    return next(self.built_iterator)
  File "/root/anaconda3/envs/flow/lib/python3.7/site-packages/ray/util/iter.py", line 783, in apply_foreach
    for item in it:
  File "/root/anaconda3/envs/flow/lib/python3.7/site-packages/ray/util/iter.py", line 783, in apply_foreach
    for item in it:
  File "/root/anaconda3/envs/flow/lib/python3.7/site-packages/ray/util/iter.py", line 843, in apply_filter
    for item in it:
  File "/root/anaconda3/envs/flow/lib/python3.7/site-packages/ray/util/iter.py", line 843, in apply_filter
    for item in it:
  File "/root/anaconda3/envs/flow/lib/python3.7/site-packages/ray/util/iter.py", line 783, in apply_foreach
    for item in it:
  File "/root/anaconda3/envs/flow/lib/python3.7/site-packages/ray/util/iter.py", line 783, in apply_foreach
    for item in it:
  File "/root/anaconda3/envs/flow/lib/python3.7/site-packages/ray/util/iter.py", line 783, in apply_foreach
    for item in it:
  [Previous line repeated 1 more time]
  File "/root/anaconda3/envs/flow/lib/python3.7/site-packages/ray/util/iter.py", line 876, in apply_flatten
    for item in it:
  File "/root/anaconda3/envs/flow/lib/python3.7/site-packages/ray/util/iter.py", line 783, in apply_foreach
    for item in it:
  File "/root/anaconda3/envs/flow/lib/python3.7/site-packages/ray/util/iter.py", line 783, in apply_foreach
    for item in it:
  File "/root/anaconda3/envs/flow/lib/python3.7/site-packages/ray/util/iter.py", line 783, in apply_foreach
    for item in it:
  [Previous line repeated 1 more time]
  File "/root/anaconda3/envs/flow/lib/python3.7/site-packages/ray/util/iter.py", line 471, in base_iterator
    yield ray.get(futures, timeout=timeout)
ray.exceptions.RayTaskError(ValueError): [36mray::RolloutWorker.par_iter_next()[39m (pid=15557, ip=172.17.0.4, repr=<ray.rllib.evaluation.rollout_worker.RolloutWorker object at 0x7f0eb81db748>)
  File "/root/anaconda3/envs/flow/lib/python3.7/site-packages/ray/util/iter.py", line 1151, in par_iter_next
    return next(self.local_it)
  File "/root/anaconda3/envs/flow/lib/python3.7/site-packages/ray/rllib/evaluation/rollout_worker.py", line 382, in gen_rollouts
    yield self.sample()
  File "/root/anaconda3/envs/flow/lib/python3.7/site-packages/ray/rllib/evaluation/rollout_worker.py", line 761, in sample
    batches = [self.input_reader.next()]
  File "/root/anaconda3/envs/flow/lib/python3.7/site-packages/ray/rllib/evaluation/sampler.py", line 104, in next
    batches = [self.get_data()]
  File "/root/anaconda3/envs/flow/lib/python3.7/site-packages/ray/rllib/evaluation/sampler.py", line 266, in get_data
    item = next(self._env_runner)
  File "/root/anaconda3/envs/flow/lib/python3.7/site-packages/ray/rllib/evaluation/sampler.py", line 648, in _env_runner
    sample_collector=sample_collector,
  File "/root/anaconda3/envs/flow/lib/python3.7/site-packages/ray/rllib/evaluation/sampler.py", line 852, in _process_observations
    prep_obs = preprocessor.transform(raw_obs)
  File "/root/anaconda3/envs/flow/lib/python3.7/site-packages/ray/rllib/models/preprocessors.py", line 195, in transform
    self.check_shape(observation)
  File "/root/anaconda3/envs/flow/lib/python3.7/site-packages/ray/rllib/models/preprocessors.py", line 76, in check_shape
    gym.spaces.Box) else None, self._obs_space)
ValueError: ('Observation ({} dtype={}) outside given space ({})!', array([-1.0737418e+09, -1.0010000e+03,  0.0000000e+00,  0.0000000e+00,
        0.0000000e+00,  0.0000000e+00,  1.9620220e+01,  5.5163913e+00,
        2.4263783e+01,  4.0492981e+02,  4.6037164e+02,  3.2211349e+02,
        1.3636074e+01,  2.3239651e+01,  1.1404552e+01,  4.2292484e+01,
        2.6553000e+02,  1.6266333e+01,  1.0304128e+01,  9.4886923e+00,
        8.7086296e+00, -3.1900486e+01, -6.8361201e+00, -5.1957161e+01,
        0.0000000e+00,  0.0000000e+00,  0.0000000e+00,  0.0000000e+00,
        0.0000000e+00,  0.0000000e+00,  0.0000000e+00,  0.0000000e+00,
        0.0000000e+00,  0.0000000e+00,  0.0000000e+00,  0.0000000e+00,
        0.0000000e+00,  0.0000000e+00,  0.0000000e+00,  0.0000000e+00,
        0.0000000e+00,  0.0000000e+00,  0.0000000e+00,  0.0000000e+00,
        0.0000000e+00,  0.0000000e+00,  0.0000000e+00,  0.0000000e+00,
        0.0000000e+00,  0.0000000e+00,  0.0000000e+00,  0.0000000e+00,
        0.0000000e+00,  0.0000000e+00,  0.0000000e+00,  0.0000000e+00,
        0.0000000e+00,  0.0000000e+00,  0.0000000e+00,  0.0000000e+00,
        0.0000000e+00,  0.0000000e+00,  0.0000000e+00,  0.0000000e+00,
        0.0000000e+00,  0.0000000e+00,  0.0000000e+00,  0.0000000e+00,
        0.0000000e+00,  0.0000000e+00,  0.0000000e+00,  0.0000000e+00,
        0.0000000e+00,  0.0000000e+00,  0.0000000e+00,  0.0000000e+00,
        0.0000000e+00,  0.0000000e+00,  0.0000000e+00,  0.0000000e+00,
        0.0000000e+00,  0.0000000e+00,  0.0000000e+00,  0.0000000e+00,
        0.0000000e+00,  0.0000000e+00,  0.0000000e+00,  0.0000000e+00,
        0.0000000e+00,  0.0000000e+00,  0.0000000e+00,  0.0000000e+00,
        0.0000000e+00,  0.0000000e+00,  0.0000000e+00,  0.0000000e+00,
        0.0000000e+00,  0.0000000e+00,  0.0000000e+00,  0.0000000e+00,
        0.0000000e+00,  0.0000000e+00,  0.0000000e+00,  0.0000000e+00,
        0.0000000e+00], dtype=float32), dtype('float32'), Box(105,))

